omarC/MyCimaCloneProvider/build/intermediates/manifest_merge_blame_file/debug/processDebugManifest/manifest-merger-blame-debug-report.txt
1<?xml version="1.0" encoding="utf-8"?>
2<manifest xmlns:android="http://schemas.android.com/apk/res/android"
3    package="com.mycimaclone" >
4
5    <uses-sdk android:minSdkVersion="21" />
6
7    <application>
7-->src/main/AndroidManifest.xml:3:5-12:19
8        <meta-data
8-->src/main/AndroidManifest.xml:4:9-95
9            android:name="CloudstreamPluginName"
9-->src/main/AndroidManifest.xml:4:20-56
10            android:value="MyCimaCloneProvider" />
10-->src/main/AndroidManifest.xml:4:57-92
11        <meta-data
11-->src/main/AndroidManifest.xml:5:9-83
12            android:name="CloudstreamPluginAuthor"
12-->src/main/AndroidManifest.xml:5:20-58
13            android:value="omarC" />
13-->src/main/AndroidManifest.xml:5:59-80
14        <meta-data
14-->src/main/AndroidManifest.xml:6:9-118
15            android:name="CloudstreamPluginDescription"
15-->src/main/AndroidManifest.xml:6:20-63
16            android:value="MyCima clone mapped to mycima.horse" />
16-->src/main/AndroidManifest.xml:6:64-115
17        <meta-data
17-->src/main/AndroidManifest.xml:7:9-108
18            android:name="CloudstreamPluginTypes"
18-->src/main/AndroidManifest.xml:7:20-57
19            android:value="TvSeries,Movie,Anime,AsianDrama" />
19-->src/main/AndroidManifest.xml:7:58-105
20        <meta-data
20-->src/main/AndroidManifest.xml:8:9-84
21            android:name="CloudstreamPluginVersion"
21-->src/main/AndroidManifest.xml:8:20-59
22            android:value="1.0.0" />
22-->src/main/AndroidManifest.xml:8:60-81
23        <meta-data
23-->src/main/AndroidManifest.xml:9:9-110
24            android:name="CloudstreamPluginClass"
24-->src/main/AndroidManifest.xml:9:20-57
25            android:value="com.mycimaclone.MyCimaClonePlugin" />
25-->src/main/AndroidManifest.xml:9:58-107
26        <meta-data
26-->src/main/AndroidManifest.xml:10:9-82
27            android:name="CloudstreamPluginLanguage"
27-->src/main/AndroidManifest.xml:10:20-60
28            android:value="ar" />
28-->src/main/AndroidManifest.xml:10:61-79
29        <meta-data
29-->src/main/AndroidManifest.xml:11:9-130
30            android:name="CloudstreamPluginIcon"
30-->src/main/AndroidManifest.xml:11:20-56
31            android:value="https://www.google.com/s2/favicons?domain=mycima.horse" />
31-->src/main/AndroidManifest.xml:11:57-127
32    </application>
33
34</manifest>